# JRE version: OpenJDK Runtime Environment (11.0.3+12) (build 11.0.3+12-b304.39)
# Java VM: OpenJDK 64-Bit Server VM (11.0.3+12-b304.39, mixed mode, sharing, tiered, compressed oops, g1 gc, windows-amd64)
Heap:
 garbage-first heap   total 63488K, used 25102K [0x00000000c3200000, 0x0000000100000000)
  region size 1024K, 7 young (7168K), 3 survivors (3072K)
 Metaspace       used 17797K, capacity 18215K, committed 18304K, reserved 1064960K
  class space    used 2241K, capacity 2398K, committed 2432K, reserved 1048576K
GC Heap History (10 events):
Event: 1.599 GC heap before
{Heap before GC invocations=0 (full 0):
 garbage-first heap   total 63488K, used 16384K [0x00000000c3200000, 0x0000000100000000)
  region size 1024K, 14 young (14336K), 0 survivors (0K)
 Metaspace       used 689K, capacity 4515K, committed 4864K, reserved 1056768K
  class space    used 47K, capacity 398K, committed 512K, reserved 1048576K
}
Event: 1.609 GC heap after
{Heap after GC invocations=1 (full 0):
 garbage-first heap   total 63488K, used 12917K [0x00000000c3200000, 0x0000000100000000)
  region size 1024K, 2 young (2048K), 2 survivors (2048K)
 Metaspace       used 689K, capacity 4515K, committed 4864K, reserved 1056768K
  class space    used 47K, capacity 398K, committed 512K, reserved 1048576K
}
Event: 2.177 GC heap before
{Heap before GC invocations=1 (full 0):
 garbage-first heap   total 63488K, used 21109K [0x00000000c3200000, 0x0000000100000000)
  region size 1024K, 11 young (11264K), 2 survivors (2048K)
 Metaspace       used 2099K, capacity 5095K, committed 5376K, reserved 1056768K
  class space    used 192K, capacity 484K, committed 512K, reserved 1048576K
}
Event: 2.184 GC heap after
{Heap after GC invocations=2 (full 0):
 garbage-first heap   total 63488K, used 14273K [0x00000000c3200000, 0x0000000100000000)
  region size 1024K, 2 young (2048K), 2 survivors (2048K)
 Metaspace       used 2099K, capacity 5095K, committed 5376K, reserved 1056768K
  class space    used 192K, capacity 484K, committed 512K, reserved 1048576K
}
Event: 2.798 GC heap before
{Heap before GC invocations=2 (full 0):
 garbage-first heap   total 63488K, used 28609K [0x00000000c3200000, 0x0000000100000000)
  region size 1024K, 16 young (16384K), 2 survivors (2048K)
 Metaspace       used 3987K, capacity 6501K, committed 6656K, reserved 1056768K
  class space    used 443K, capacity 698K, committed 768K, reserved 1048576K
}
Event: 2.802 GC heap after
{Heap after GC invocations=3 (full 0):
 garbage-first heap   total 63488K, used 14618K [0x00000000c3200000, 0x0000000100000000)
  region size 1024K, 1 young (1024K), 1 survivors (1024K)
 Metaspace       used 3987K, capacity 6501K, committed 6656K, reserved 1056768K
  class space    used 443K, capacity 698K, committed 768K, reserved 1048576K
}
Event: 3.599 GC heap before
{Heap before GC invocations=3 (full 0):
 garbage-first heap   total 63488K, used 31002K [0x00000000c3200000, 0x0000000100000000)
  region size 1024K, 18 young (18432K), 1 survivors (1024K)
 Metaspace       used 6863K, capacity 8489K, committed 8704K, reserved 1056768K
  class space    used 834K, capacity 1002K, committed 1024K, reserved 1048576K
}
Event: 3.605 GC heap after
{Heap after GC invocations=4 (full 0):
 garbage-first heap   total 63488K, used 15717K [0x00000000c3200000, 0x0000000100000000)
  region size 1024K, 2 young (2048K), 2 survivors (2048K)
 Metaspace       used 6863K, capacity 8489K, committed 8704K, reserved 1056768K
  class space    used 834K, capacity 1002K, committed 1024K, reserved 1048576K
}
Event: 12.178 GC heap before
{Heap before GC invocations=4 (full 0):
 garbage-first heap   total 63488K, used 36197K [0x00000000c3200000, 0x0000000100000000)
  region size 1024K, 22 young (22528K), 2 survivors (2048K)
 Metaspace       used 13585K, capacity 14037K, committed 14336K, reserved 1060864K
  class space    used 1749K, capacity 1943K, committed 2048K, reserved 1048576K
}
Event: 12.185 GC heap after
{Heap after GC invocations=5 (full 0):
 garbage-first heap   total 63488K, used 17880K [0x00000000c3200000, 0x0000000100000000)
  region size 1024K, 3 young (3072K), 3 survivors (3072K)
 Metaspace       used 13585K, capacity 14037K, committed 14336K, reserved 1060864K
  class space    used 1749K, capacity 1943K, committed 2048K, reserved 1048576K
}

