# JRE version: OpenJDK Runtime Environment (11.0.3+12) (build 11.0.3+12-b304.39)
# Java VM: OpenJDK 64-Bit Server VM (11.0.3+12-b304.39, mixed mode, sharing, tiered, compressed oops, g1 gc, windows-amd64)
Heap:
 garbage-first heap   total 63488K, used 31394K [0x00000000c3200000, 0x0000000100000000)
  region size 1024K, 8 young (8192K), 2 survivors (2048K)
 Metaspace       used 20587K, capacity 21121K, committed 21296K, reserved 1067008K
  class space    used 2643K, capacity 2857K, committed 2944K, reserved 1048576K
GC Heap History (10 events):
Event: 164.044 GC heap before
{Heap before GC invocations=3 (full 0):
 garbage-first heap   total 63488K, used 31314K [0x00000000c3200000, 0x0000000100000000)
  region size 1024K, 17 young (17408K), 1 survivors (1024K)
 Metaspace       used 6120K, capacity 7485K, committed 7552K, reserved 1056768K
  class space    used 690K, capacity 862K, committed 896K, reserved 1048576K
}
Event: 164.048 GC heap after
{Heap after GC invocations=4 (full 0):
 garbage-first heap   total 63488K, used 15660K [0x00000000c3200000, 0x0000000100000000)
  region size 1024K, 2 young (2048K), 2 survivors (2048K)
 Metaspace       used 6120K, capacity 7485K, committed 7552K, reserved 1056768K
  class space    used 690K, capacity 862K, committed 896K, reserved 1048576K
}
Event: 165.396 GC heap before
{Heap before GC invocations=4 (full 0):
 garbage-first heap   total 63488K, used 34092K [0x00000000c3200000, 0x0000000100000000)
  region size 1024K, 20 young (20480K), 2 survivors (2048K)
 Metaspace       used 11324K, capacity 11687K, committed 11904K, reserved 1058816K
  class space    used 1403K, capacity 1567K, committed 1664K, reserved 1048576K
}
Event: 165.406 GC heap after
{Heap after GC invocations=5 (full 0):
 garbage-first heap   total 63488K, used 17173K [0x00000000c3200000, 0x0000000100000000)
  region size 1024K, 3 young (3072K), 3 survivors (3072K)
 Metaspace       used 11324K, capacity 11687K, committed 11904K, reserved 1058816K
  class space    used 1403K, capacity 1567K, committed 1664K, reserved 1048576K
}
Event: 172.148 GC heap before
{Heap before GC invocations=5 (full 0):
 garbage-first heap   total 63488K, used 38677K [0x00000000c3200000, 0x0000000100000000)
  region size 1024K, 25 young (25600K), 3 survivors (3072K)
 Metaspace       used 17056K, capacity 17457K, committed 17792K, reserved 1064960K
  class space    used 2171K, capacity 2318K, committed 2432K, reserved 1048576K
}
Event: 172.177 GC heap after
{Heap after GC invocations=6 (full 0):
 garbage-first heap   total 63488K, used 20984K [0x00000000c3200000, 0x0000000100000000)
  region size 1024K, 4 young (4096K), 4 survivors (4096K)
 Metaspace       used 17056K, capacity 17457K, committed 17792K, reserved 1064960K
  class space    used 2171K, capacity 2318K, committed 2432K, reserved 1048576K
}
Event: 172.656 GC heap before
{Heap before GC invocations=6 (full 0):
 garbage-first heap   total 63488K, used 40440K [0x00000000c3200000, 0x0000000100000000)
  region size 1024K, 24 young (24576K), 4 survivors (4096K)
 Metaspace       used 18166K, capacity 18548K, committed 18688K, reserved 1064960K
  class space    used 2271K, capacity 2447K, committed 2560K, reserved 1048576K
}
Event: 172.671 GC heap after
{Heap after GC invocations=7 (full 0):
 garbage-first heap   total 63488K, used 24794K [0x00000000c3200000, 0x0000000100000000)
  region size 1024K, 3 young (3072K), 3 survivors (3072K)
 Metaspace       used 18166K, capacity 18548K, committed 18688K, reserved 1064960K
  class space    used 2271K, capacity 2447K, committed 2560K, reserved 1048576K
}
Event: 174.153 GC heap before
{Heap before GC invocations=7 (full 0):
 garbage-first heap   total 63488K, used 41178K [0x00000000c3200000, 0x0000000100000000)
  region size 1024K, 20 young (20480K), 3 survivors (3072K)
 Metaspace       used 20425K, capacity 20966K, committed 21120K, reserved 1067008K
  class space    used 2633K, capacity 2848K, committed 2944K, reserved 1048576K
}
Event: 174.164 GC heap after
{Heap after GC invocations=8 (full 0):
 garbage-first heap   total 63488K, used 26274K [0x00000000c3200000, 0x0000000100000000)
  region size 1024K, 2 young (2048K), 2 survivors (2048K)
 Metaspace       used 20425K, capacity 20966K, committed 21120K, reserved 1067008K
  class space    used 2633K, capacity 2848K, committed 2944K, reserved 1048576K
}

